Arguments: 
  /usr/bin/node /usr/local/bin/yarn add --dev parcel

PATH: 
  /usr/local/sbin:/usr/local/bin:/usr/sbin:/usr/bin:/sbin:/bin:/usr/games:/usr/local/games:/snap/bin

Yarn version: 
  1.22.19

Node version: 
  18.7.0

Platform: 
  linux x64

Trace: 
  Error: https://registry.yarnpkg.com/@parcel/transformer-js/-/transformer-js-2.8.3.tgz: ETIMEDOUT
      at Timeout._onTimeout (/usr/local/lib/node_modules/yarn/lib/cli.js:141550:19)
      at listOnTimeout (node:internal/timers:564:17)
      at process.processTimers (node:internal/timers:507:7)

npm manifest: 
  {
    "name": "forkify_cybermaxi",
    "version": "1.0.0",
    "description": "A recipe app",
    "main": "index.html",
    "scripts": {
      "start": "parcel index.html",
      "build": "parcel build index.html"
    },
    "author": "cybermaxi",
    "license": "ISC"
  }

yarn manifest: 
  No manifest

Lockfile: 
  No lockfile
